<?xml version="1.0" encoding="UTF-8" ?>
<testsuite errors="0" failures="0" hostname="Caitlyns-MacBook-Pro.local" name="TestAll" skipped="0" tests="5" time="0.466" timestamp="2018-03-24T22:44:06">
  <properties>
    <property name="java.vendor" value="Oracle Corporation" />
    <property name="sun.java.launcher" value="SUN_STANDARD" />
    <property name="sun.management.compiler" value="HotSpot 64-Bit Tiered Compilers" />
    <property name="os.name" value="Mac OS X" />
    <property name="sun.boot.class.path" value="/Library/Java/JavaVirtualMachines/jdk1.7.0_80.jdk/Contents/Home/jre/lib/resources.jar:/Library/Java/JavaVirtualMachines/jdk1.7.0_80.jdk/Contents/Home/jre/lib/rt.jar:/Library/Java/JavaVirtualMachines/jdk1.7.0_80.jdk/Contents/Home/jre/lib/sunrsasign.jar:/Library/Java/JavaVirtualMachines/jdk1.7.0_80.jdk/Contents/Home/jre/lib/jsse.jar:/Library/Java/JavaVirtualMachines/jdk1.7.0_80.jdk/Contents/Home/jre/lib/jce.jar:/Library/Java/JavaVirtualMachines/jdk1.7.0_80.jdk/Contents/Home/jre/lib/charsets.jar:/Library/Java/JavaVirtualMachines/jdk1.7.0_80.jdk/Contents/Home/jre/lib/jfr.jar:/Library/Java/JavaVirtualMachines/jdk1.7.0_80.jdk/Contents/Home/jre/classes" />
    <property name="java.vm.specification.vendor" value="Oracle Corporation" />
    <property name="ant.home" value="/Users/caitlynzheng/apache-ant-1.9.10" />
    <property name="java.runtime.version" value="1.7.0_80-b15" />
    <property name="user.name" value="caitlynzheng" />
    <property name="dir.src.tests" value="test" />
    <property name="user.language" value="en" />
    <property name="sun.boot.library.path" value="/Library/Java/JavaVirtualMachines/jdk1.7.0_80.jdk/Contents/Home/jre/lib" />
    <property name="ant.project.default-target" value="jar" />
    <property name="ant.project.name" value="Build_Analyzer" />
    <property name="java.version" value="1.7.0_80" />
    <property name="user.timezone" value="" />
    <property name="sun.arch.data.model" value="64" />
    <property name="http.nonProxyHosts" value="local|*.local|169.254/16|*.169.254/16" />
    <property name="java.endorsed.dirs" value="/Library/Java/JavaVirtualMachines/jdk1.7.0_80.jdk/Contents/Home/jre/lib/endorsed" />
    <property name="sun.cpu.isalist" value="" />
    <property name="sun.jnu.encoding" value="UTF-8" />
    <property name="file.encoding.pkg" value="sun.io" />
    <property name="file.separator" value="/" />
    <property name="java.specification.name" value="Java Platform API Specification" />
    <property name="java.class.version" value="51.0" />
    <property name="user.country" value="US" />
    <property name="java.home" value="/Library/Java/JavaVirtualMachines/jdk1.7.0_80.jdk/Contents/Home/jre" />
    <property name="java.vm.info" value="mixed mode" />
    <property name="ant.file" value="/Users/caitlynzheng/defects4j/build.xml" />
    <property name="os.version" value="10.13.3" />
    <property name="path.separator" value=":" />
    <property name="java.vm.version" value="24.80-b11" />
    <property name="ant.library.dir" value="/Users/caitlynzheng/apache-ant-1.9.10/lib" />
    <property name="dir.src.classes" value="src" />
    <property name="java.awt.printerjob" value="sun.lwawt.macosx.CPrinterJob" />
    <property name="sun.io.unicode.encoding" value="UnicodeBig" />
    <property name="dir.target.classes" value="bin/classes" />
    <property name="awt.toolkit" value="sun.lwawt.macosx.LWCToolkit" />
    <property name="socksNonProxyHosts" value="local|*.local|169.254/16|*.169.254/16" />
    <property name="ftp.nonProxyHosts" value="local|*.local|169.254/16|*.169.254/16" />
    <property name="user.home" value="/Users/caitlynzheng" />
    <property name="java.specification.vendor" value="Oracle Corporation" />
    <property name="dir.jar" value="../" />
    <property name="java.library.path" value="/Users/caitlynzheng/Library/Java/Extensions:/Library/Java/Extensions:/Network/Library/Java/Extensions:/System/Library/Java/Extensions:/usr/lib/java:." />
    <property name="java.vendor.url" value="http://java.oracle.com/" />
    <property name="java.vm.vendor" value="Oracle Corporation" />
    <property name="gopherProxySet" value="false" />
    <property name="java.runtime.name" value="Java(TM) SE Runtime Environment" />
    <property name="sun.java.command" value="org.apache.tools.ant.taskdefs.optional.junit.JUnitTestRunner TestAll skipNonTests=false filtertrace=true haltOnError=false haltOnFailure=false showoutput=true outputtoformatters=true logfailedtests=true threadid=0 logtestlistenerevents=false formatter=org.apache.tools.ant.taskdefs.optional.junit.XMLJUnitResultFormatter,/Users/caitlynzheng/defects4j/TEST-TestAll.xml crashfile=/Users/caitlynzheng/defects4j/junitvmwatcher150780840992075121.properties propsfile=/Users/caitlynzheng/defects4j/junit4454490694098173815.properties" />
    <property name="java.class.path" value="/Users/caitlynzheng/defects4j/bin/classes:/Users/caitlynzheng/defects4j/bin/tests:/Users/caitlynzheng/defects4j/lib/junit-4.11.jar:/Users/caitlynzheng/defects4j/lib/commons-io-2.6.jar:/Users/caitlynzheng/apache-ant-1.9.10/lib/ant-launcher.jar:/Users/caitlynzheng/apache-ant-1.9.10/lib/ant.jar:/Users/caitlynzheng/apache-ant-1.9.10/lib/ant-junit.jar:/Users/caitlynzheng/apache-ant-1.9.10/lib/ant-junit4.jar" />
    <property name="ant.version" value="Apache Ant(TM) version 1.9.10 compiled on February 3 2018" />
    <property name="dir.target" value="bin" />
    <property name="java.vm.specification.name" value="Java Virtual Machine Specification" />
    <property name="ant.file.type" value="file" />
    <property name="ant.file.Build_Analyzer" value="/Users/caitlynzheng/defects4j/build.xml" />
    <property name="java.vm.specification.version" value="1.7" />
    <property name="sun.cpu.endian" value="little" />
    <property name="sun.os.patch.level" value="unknown" />
    <property name="java.io.tmpdir" value="/var/folders/zw/b3353fdj3yqgnv6zpp7ypybc0000gn/T/" />
    <property name="ant.file.type.Build_Analyzer" value="file" />
    <property name="java.vendor.url.bug" value="http://bugreport.sun.com/bugreport/" />
    <property name="dir.target.tests" value="bin/tests" />
    <property name="os.arch" value="x86_64" />
    <property name="java.awt.graphicsenv" value="sun.awt.CGraphicsEnvironment" />
    <property name="java.ext.dirs" value="/Users/caitlynzheng/Library/Java/Extensions:/Library/Java/JavaVirtualMachines/jdk1.7.0_80.jdk/Contents/Home/jre/lib/ext:/Library/Java/Extensions:/Network/Library/Java/Extensions:/System/Library/Java/Extensions:/usr/lib/java" />
    <property name="user.dir" value="/Users/caitlynzheng/defects4j/framework/lib/Build_Analyzer" />
    <property name="line.separator" value="&#xa;" />
    <property name="java.vm.name" value="Java HotSpot(TM) 64-Bit Server VM" />
    <property name="basedir" value="/Users/caitlynzheng/defects4j/framework/lib/Build_Analyzer" />
    <property name="ant.java.version" value="1.7" />
    <property name="ant.core.lib" value="/Users/caitlynzheng/apache-ant-1.9.10/lib/ant.jar" />
    <property name="file.encoding" value="UTF-8" />
    <property name="java.specification.version" value="1.7" />
    <property name="ant.project.invoked-targets" value="test" />
  </properties>
  <testcase classname="TestAll" name="testExcludes" time="0.014" />
  <testcase classname="TestAll" name="testMain" time="0.37" />
  <testcase classname="TestAll" name="testTestList" time="0.001" />
  <testcase classname="TestAll" name="testIncludes" time="0.001" />
  <testcase classname="TestAll" name="testTarget" time="0.001" />
  <system-out><![CDATA[]]></system-out>
  <system-err><![CDATA[]]></system-err>
</testsuite>
